{"C:\\Users\\VICTUS\\Sipakat_Project\\backend\\controllers\\kendaraanController.js": {"path":"C:\\Users\\VICTUS\\Sipakat_Project\\backend\\controllers\\kendaraanController.js","statementMap":{"0":{"start":{"line":1,"column":18},"end":{"line":1,"column":48}},"1":{"start":{"line":3,"column":21},"end":{"line":10,"column":1}},"2":{"start":{"line":4,"column":4},"end":{"line":9,"column":5}},"3":{"start":{"line":5,"column":24},"end":{"line":5,"column":49}},"4":{"start":{"line":6,"column":8},"end":{"line":6,"column":26}},"5":{"start":{"line":8,"column":8},"end":{"line":8,"column":55}},"6":{"start":{"line":13,"column":27},"end":{"line":27,"column":1}},"7":{"start":{"line":14,"column":4},"end":{"line":26,"column":5}},"8":{"start":{"line":15,"column":31},"end":{"line":15,"column":41}},"9":{"start":{"line":16,"column":26},"end":{"line":18,"column":10}},"10":{"start":{"line":20,"column":8},"end":{"line":22,"column":9}},"11":{"start":{"line":21,"column":12},"end":{"line":21,"column":82}},"12":{"start":{"line":23,"column":8},"end":{"line":23,"column":28}},"13":{"start":{"line":25,"column":8},"end":{"line":25,"column":55}},"14":{"start":{"line":29,"column":24},"end":{"line":49,"column":1}},"15":{"start":{"line":30,"column":4},"end":{"line":48,"column":5}},"16":{"start":{"line":32,"column":127},"end":{"line":32,"column":135}},"17":{"start":{"line":34,"column":8},"end":{"line":37,"column":11}},"18":{"start":{"line":39,"column":8},"end":{"line":39,"column":75}},"19":{"start":{"line":47,"column":8},"end":{"line":47,"column":55}},"20":{"start":{"line":50,"column":24},"end":{"line":69,"column":1}},"21":{"start":{"line":51,"column":4},"end":{"line":68,"column":5}},"22":{"start":{"line":52,"column":23},"end":{"line":52,"column":33}},"23":{"start":{"line":53,"column":127},"end":{"line":53,"column":135}},"24":{"start":{"line":55,"column":30},"end":{"line":57,"column":29}},"25":{"start":{"line":59,"column":8},"end":{"line":61,"column":9}},"26":{"start":{"line":60,"column":12},"end":{"line":60,"column":90}},"27":{"start":{"line":62,"column":8},"end":{"line":62,"column":69}},"28":{"start":{"line":64,"column":8},"end":{"line":66,"column":9}},"29":{"start":{"line":65,"column":12},"end":{"line":65,"column":113}},"30":{"start":{"line":67,"column":8},"end":{"line":67,"column":55}},"31":{"start":{"line":72,"column":23},"end":{"line":84,"column":1}},"32":{"start":{"line":73,"column":4},"end":{"line":83,"column":5}},"33":{"start":{"line":74,"column":23},"end":{"line":74,"column":33}},"34":{"start":{"line":75,"column":28},"end":{"line":75,"column":70}},"35":{"start":{"line":77,"column":8},"end":{"line":79,"column":9}},"36":{"start":{"line":78,"column":12},"end":{"line":78,"column":89}},"37":{"start":{"line":80,"column":8},"end":{"line":80,"column":66}},"38":{"start":{"line":82,"column":8},"end":{"line":82,"column":55}},"39":{"start":{"line":86,"column":0},"end":{"line":92,"column":2}}},"fnMap":{"0":{"name":"(anonymous_0)","decl":{"start":{"line":3,"column":21},"end":{"line":3,"column":22}},"loc":{"start":{"line":3,"column":41},"end":{"line":10,"column":1}},"line":3},"1":{"name":"(anonymous_1)","decl":{"start":{"line":13,"column":27},"end":{"line":13,"column":28}},"loc":{"start":{"line":13,"column":47},"end":{"line":27,"column":1}},"line":13},"2":{"name":"(anonymous_2)","decl":{"start":{"line":29,"column":24},"end":{"line":29,"column":25}},"loc":{"start":{"line":29,"column":44},"end":{"line":49,"column":1}},"line":29},"3":{"name":"(anonymous_3)","decl":{"start":{"line":50,"column":24},"end":{"line":50,"column":25}},"loc":{"start":{"line":50,"column":44},"end":{"line":69,"column":1}},"line":50},"4":{"name":"(anonymous_4)","decl":{"start":{"line":72,"column":23},"end":{"line":72,"column":24}},"loc":{"start":{"line":72,"column":43},"end":{"line":84,"column":1}},"line":72}},"branchMap":{"0":{"loc":{"start":{"line":20,"column":8},"end":{"line":22,"column":9}},"type":"if","locations":[{"start":{"line":20,"column":8},"end":{"line":22,"column":9}},{"start":{},"end":{}}],"line":20},"1":{"loc":{"start":{"line":36,"column":26},"end":{"line":36,"column":55}},"type":"binary-expr","locations":[{"start":{"line":36,"column":26},"end":{"line":36,"column":38}},{"start":{"line":36,"column":42},"end":{"line":36,"column":55}}],"line":36},"2":{"loc":{"start":{"line":59,"column":8},"end":{"line":61,"column":9}},"type":"if","locations":[{"start":{"line":59,"column":8},"end":{"line":61,"column":9}},{"start":{},"end":{}}],"line":59},"3":{"loc":{"start":{"line":64,"column":8},"end":{"line":66,"column":9}},"type":"if","locations":[{"start":{"line":64,"column":8},"end":{"line":66,"column":9}},{"start":{},"end":{}}],"line":64},"4":{"loc":{"start":{"line":77,"column":8},"end":{"line":79,"column":9}},"type":"if","locations":[{"start":{"line":77,"column":8},"end":{"line":79,"column":9}},{"start":{},"end":{}}],"line":77}},"s":{"0":1,"1":1,"2":1,"3":1,"4":1,"5":0,"6":1,"7":2,"8":2,"9":2,"10":2,"11":1,"12":1,"13":0,"14":1,"15":2,"16":2,"17":2,"18":1,"19":1,"20":1,"21":2,"22":2,"23":2,"24":2,"25":2,"26":2,"27":0,"28":0,"29":0,"30":0,"31":1,"32":2,"33":2,"34":2,"35":2,"36":2,"37":0,"38":0,"39":1},"f":{"0":1,"1":2,"2":2,"3":2,"4":2},"b":{"0":[1,1],"1":[2,2],"2":[2,0],"3":[0,0],"4":[2,0]},"_coverageSchema":"1a1c01bbd47fc00a2c39e90264f33305004495a9","hash":"bbc41dadb48664cbcc8bb3fb0c1e8b577914db75"}
}
