TN:
SF:server.js
FN:36,(anonymous_0)
FN:43,(anonymous_1)
FN:45,(anonymous_2)
FN:49,(anonymous_3)
FNF:4
FNH:0
FNDA:0,(anonymous_0)
FNDA:0,(anonymous_1)
FNDA:0,(anonymous_2)
FNDA:0,(anonymous_3)
DA:1,3
DA:2,3
DA:3,3
DA:4,3
DA:5,3
DA:8,3
DA:9,3
DA:10,3
DA:12,3
DA:13,3
DA:15,3
DA:16,3
DA:17,3
DA:20,3
DA:21,0
DA:28,0
DA:32,3
DA:33,3
DA:34,3
DA:36,3
DA:37,0
DA:41,3
DA:42,0
DA:44,0
DA:45,0
DA:46,0
DA:50,0
DA:55,3
LF:28
LH:20
BRDA:20,0,0,0
BRDA:20,0,1,3
BRDA:41,1,0,0
BRDA:41,1,1,3
BRF:4
BRH:2
end_of_record
TN:
SF:config\database.js
FN:9,(anonymous_0)
FNF:1
FNH:0
FNDA:0,(anonymous_0)
DA:1,6
DA:3,6
DA:9,6
DA:10,0
DA:11,0
DA:12,0
DA:14,0
DA:19,6
DA:20,0
DA:23,6
LF:10
LH:5
BRDA:19,0,0,0
BRDA:19,0,1,6
BRF:2
BRH:1
end_of_record
TN:
SF:controllers\antreanController.js
FN:4,(anonymous_0)
FN:13,(anonymous_1)
FN:41,(anonymous_2)
FN:52,(anonymous_3)
FNF:4
FNH:4
FNDA:2,(anonymous_0)
FNDA:3,(anonymous_1)
FNDA:2,(anonymous_2)
FNDA:2,(anonymous_3)
DA:1,3
DA:2,3
DA:4,3
DA:5,2
DA:6,2
DA:7,1
DA:9,1
DA:13,3
DA:14,3
DA:15,3
DA:16,3
DA:19,3
DA:24,2
DA:26,2
DA:27,1
DA:28,1
DA:29,1
DA:30,1
DA:33,2
DA:35,2
DA:37,1
DA:41,3
DA:42,2
DA:43,2
DA:44,2
DA:46,2
DA:47,1
DA:49,1
DA:52,3
DA:53,2
DA:55,2
DA:56,1
DA:58,1
DA:62,3
LF:34
LH:34
BRDA:16,0,0,3
BRDA:16,0,1,1
BRDA:26,1,0,1
BRDA:26,1,1,1
BRDA:33,2,0,2
BRDA:33,2,1,0
BRF:6
BRH:5
end_of_record
TN:
SF:controllers\authController.js
FN:4,(anonymous_0)
FN:23,(anonymous_1)
FNF:2
FNH:2
FNDA:3,(anonymous_0)
FNDA:3,(anonymous_1)
DA:1,3
DA:2,3
DA:4,3
DA:5,3
DA:6,3
DA:8,3
DA:10,2
DA:11,1
DA:14,1
DA:16,1
DA:18,1
DA:23,3
DA:24,3
DA:25,3
DA:28,3
DA:29,2
DA:30,1
DA:34,1
DA:41,1
DA:43,1
DA:48,3
LF:21
LH:21
BRDA:10,0,0,1
BRDA:10,0,1,1
BRDA:29,1,0,1
BRDA:29,1,1,1
BRF:4
BRH:4
end_of_record
TN:
SF:controllers\kendaraanController.js
FN:3,(anonymous_0)
FN:13,(anonymous_1)
FN:29,(anonymous_2)
FN:51,(anonymous_3)
FN:73,(anonymous_4)
FNF:5
FNH:5
FNDA:2,(anonymous_0)
FNDA:3,(anonymous_1)
FNDA:3,(anonymous_2)
FNDA:2,(anonymous_3)
FNDA:2,(anonymous_4)
DA:1,3
DA:3,3
DA:4,2
DA:5,2
DA:6,1
DA:8,1
DA:13,3
DA:14,3
DA:15,3
DA:16,3
DA:20,2
DA:21,1
DA:23,1
DA:25,1
DA:29,3
DA:30,3
DA:31,3
DA:34,3
DA:40,1
DA:45,2
DA:46,1
DA:48,1
DA:51,3
DA:52,2
DA:53,2
DA:54,2
DA:56,2
DA:60,1
DA:61,0
DA:63,1
DA:65,1
DA:66,0
DA:68,1
DA:73,3
DA:74,2
DA:75,2
DA:76,2
DA:78,1
DA:79,0
DA:81,1
DA:83,1
DA:87,3
LF:42
LH:39
BRDA:20,0,0,1
BRDA:20,0,1,1
BRDA:36,1,0,3
BRDA:36,1,1,3
BRDA:45,2,0,1
BRDA:45,2,1,1
BRDA:60,3,0,0
BRDA:60,3,1,1
BRDA:65,4,0,0
BRDA:65,4,1,1
BRDA:78,5,0,0
BRDA:78,5,1,1
BRF:12
BRH:9
end_of_record
TN:
SF:middlewares\authMiddleware.js
FN:3,(anonymous_0)
FNF:1
FNH:0
FNDA:0,(anonymous_0)
DA:1,2
DA:3,2
DA:4,0
DA:6,0
DA:7,0
DA:10,0
DA:12,0
DA:13,0
DA:14,0
DA:15,0
DA:17,0
DA:21,2
LF:12
LH:3
BRDA:6,0,0,0
BRDA:6,0,1,0
BRF:2
BRH:0
end_of_record
TN:
SF:middlewares\validatorMiddleware.js
FN:29,(anonymous_0)
FNF:1
FNH:0
FNDA:0,(anonymous_0)
DA:1,2
DA:3,2
DA:30,0
DA:31,0
DA:32,0
DA:34,0
DA:38,2
LF:7
LH:3
BRDA:31,0,0,0
BRDA:31,0,1,0
BRF:2
BRH:0
end_of_record
TN:
SF:models\Antrean.js
FNF:0
FNH:0
DA:1,3
DA:2,3
DA:4,3
DA:14,3
LF:4
LH:4
BRF:0
BRH:0
end_of_record
TN:
SF:models\Kendaraan.js
FNF:0
FNH:0
DA:1,3
DA:2,3
DA:4,3
DA:18,3
LF:4
LH:4
BRF:0
BRH:0
end_of_record
TN:
SF:models\Petugas.js
FNF:0
FNH:0
DA:1,3
DA:2,3
DA:4,3
DA:15,3
LF:4
LH:4
BRF:0
BRH:0
end_of_record
TN:
SF:routes\antreanRoutes.js
FNF:0
FNH:0
DA:1,3
DA:2,3
DA:3,3
DA:6,3
DA:9,3
DA:11,3
DA:13,3
DA:15,3
LF:8
LH:8
BRF:0
BRH:0
end_of_record
TN:
SF:routes\authRoutes.js
FNF:0
FNH:0
DA:1,3
DA:2,3
DA:4,3
DA:7,3
DA:10,3
DA:12,3
LF:6
LH:6
BRF:0
BRH:0
end_of_record
TN:
SF:routes\kendaraanRoutes.js
FNF:0
FNH:0
DA:1,3
DA:2,3
DA:3,3
DA:5,3
DA:6,3
DA:8,3
DA:9,3
DA:12,3
DA:13,3
DA:14,3
DA:16,3
LF:11
LH:11
BRF:0
BRH:0
end_of_record
