TN:
SF:controllers\kendaraanController.js
FN:3,(anonymous_0)
FN:13,(anonymous_1)
FN:29,(anonymous_2)
FN:50,(anonymous_3)
FN:72,(anonymous_4)
FNF:5
FNH:5
FNDA:1,(anonymous_0)
FNDA:2,(anonymous_1)
FNDA:2,(anonymous_2)
FNDA:2,(anonymous_3)
FNDA:2,(anonymous_4)
DA:1,1
DA:3,1
DA:4,1
DA:5,1
DA:6,1
DA:8,0
DA:13,1
DA:14,2
DA:15,2
DA:16,2
DA:20,2
DA:21,1
DA:23,1
DA:25,0
DA:29,1
DA:30,2
DA:32,2
DA:34,2
DA:39,1
DA:47,1
DA:50,1
DA:51,2
DA:52,2
DA:53,2
DA:55,2
DA:59,2
DA:60,2
DA:62,0
DA:64,0
DA:65,0
DA:67,0
DA:72,1
DA:73,2
DA:74,2
DA:75,2
DA:77,2
DA:78,2
DA:80,0
DA:82,0
DA:86,1
LF:40
LH:32
BRDA:20,0,0,1
BRDA:20,0,1,1
BRDA:36,1,0,2
BRDA:36,1,1,2
BRDA:59,2,0,2
BRDA:59,2,1,0
BRDA:64,3,0,0
BRDA:64,3,1,0
BRDA:77,4,0,2
BRDA:77,4,1,0
BRF:10
BRH:6
end_of_record
